# JRE version: Java(TM) SE Runtime Environment (8.0_211-b12) (build 1.8.0_211-b12)
# Java VM: Java HotSpot(TM) 64-Bit Server VM (25.211-b12 mixed mode windows-amd64 compressed oops)
Heap:
 PSYoungGen      total 116736K, used 54658K [0x00000000f5580000, 0x0000000100000000, 0x0000000100000000)
  eden space 70144K, 77% used [0x00000000f5580000,0x00000000f8ae08d8,0x00000000f9a00000)
  from space 46592K, 0% used [0x00000000fd280000,0x00000000fd280000,0x0000000100000000)
  to   space 52224K, 0% used [0x00000000f9a00000,0x00000000f9a00000,0x00000000fcd00000)
 ParOldGen       total 344064K, used 159235K [0x00000000e0000000, 0x00000000f5000000, 0x00000000f5580000)
  object space 344064K, 46% used [0x00000000e0000000,0x00000000e9b80f00,0x00000000f5000000)
 Metaspace       used 95243K, capacity 100670K, committed 101632K, reserved 1136640K
  class space    used 12606K, capacity 13756K, committed 14080K, reserved 1048576K
GC Heap History (10 events):
Event: 91.435 GC heap before
{Heap before GC invocations=45 (full 4):
 PSYoungGen      total 116224K, used 78296K [0x00000000f5580000, 0x00000000ffb00000, 0x0000000100000000)
  eden space 70144K, 100% used [0x00000000f5580000,0x00000000f9a00000,0x00000000f9a00000)
  from space 46080K, 17% used [0x00000000fce00000,0x00000000fd5f6088,0x00000000ffb00000)
  to   space 49664K, 0% used [0x00000000f9a00000,0x00000000f9a00000,0x00000000fca80000)
 ParOldGen       total 280576K, used 220054K [0x00000000e0000000, 0x00000000f1200000, 0x00000000f5580000)
  object space 280576K, 78% used [0x00000000e0000000,0x00000000ed6e5b88,0x00000000f1200000)
 Metaspace       used 95090K, capacity 100620K, committed 101376K, reserved 1136640K
  class space    used 12600K, capacity 13773K, committed 14080K, reserved 1048576K
Event: 91.458 GC heap after
Heap after GC invocations=45 (full 4):
 PSYoungGen      total 119808K, used 9846K [0x00000000f5580000, 0x00000000fff80000, 0x0000000100000000)
  eden space 70144K, 0% used [0x00000000f5580000,0x00000000f5580000,0x00000000f9a00000)
  from space 49664K, 19% used [0x00000000f9a00000,0x00000000fa39d870,0x00000000fca80000)
  to   space 47616K, 0% used [0x00000000fd100000,0x00000000fd100000,0x00000000fff80000)
 ParOldGen       total 280576K, used 226662K [0x00000000e0000000, 0x00000000f1200000, 0x00000000f5580000)
  object space 280576K, 80% used [0x00000000e0000000,0x00000000edd59bb0,0x00000000f1200000)
 Metaspace       used 95090K, capacity 100620K, committed 101376K, reserved 1136640K
  class space    used 12600K, capacity 13773K, committed 14080K, reserved 1048576K
}
Event: 91.601 GC heap before
{Heap before GC invocations=46 (full 4):
 PSYoungGen      total 119808K, used 79990K [0x00000000f5580000, 0x00000000fff80000, 0x0000000100000000)
  eden space 70144K, 100% used [0x00000000f5580000,0x00000000f9a00000,0x00000000f9a00000)
  from space 49664K, 19% used [0x00000000f9a00000,0x00000000fa39d870,0x00000000fca80000)
  to   space 47616K, 0% used [0x00000000fd100000,0x00000000fd100000,0x00000000fff80000)
 ParOldGen       total 280576K, used 226662K [0x00000000e0000000, 0x00000000f1200000, 0x00000000f5580000)
  object space 280576K, 80% used [0x00000000e0000000,0x00000000edd59bb0,0x00000000f1200000)
 Metaspace       used 95090K, capacity 100620K, committed 101376K, reserved 1136640K
  class space    used 12600K, capacity 13773K, committed 14080K, reserved 1048576K
Event: 91.617 GC heap after
Heap after GC invocations=46 (full 4):
 PSYoungGen      total 118272K, used 11065K [0x00000000f5580000, 0x00000000ff900000, 0x0000000100000000)
  eden space 77312K, 0% used [0x00000000f5580000,0x00000000f5580000,0x00000000fa100000)
  from space 40960K, 27% used [0x00000000fd100000,0x00000000fdbce530,0x00000000ff900000)
  to   space 45056K, 0% used [0x00000000fa100000,0x00000000fa100000,0x00000000fcd00000)
 ParOldGen       total 280576K, used 236239K [0x00000000e0000000, 0x00000000f1200000, 0x00000000f5580000)
  object space 280576K, 84% used [0x00000000e0000000,0x00000000ee6b3ee8,0x00000000f1200000)
 Metaspace       used 95090K, capacity 100620K, committed 101376K, reserved 1136640K
  class space    used 12600K, capacity 13773K, committed 14080K, reserved 1048576K
}
Event: 92.605 GC heap before
{Heap before GC invocations=47 (full 4):
 PSYoungGen      total 118272K, used 85948K [0x00000000f5580000, 0x00000000ff900000, 0x0000000100000000)
  eden space 77312K, 96% used [0x00000000f5580000,0x00000000f9ea0c68,0x00000000fa100000)
  from space 40960K, 27% used [0x00000000fd100000,0x00000000fdbce530,0x00000000ff900000)
  to   space 45056K, 0% used [0x00000000fa100000,0x00000000fa100000,0x00000000fcd00000)
 ParOldGen       total 280576K, used 236239K [0x00000000e0000000, 0x00000000f1200000, 0x00000000f5580000)
  object space 280576K, 84% used [0x00000000e0000000,0x00000000ee6b3ee8,0x00000000f1200000)
 Metaspace       used 95262K, capacity 100752K, committed 101632K, reserved 1136640K
  class space    used 12616K, capacity 13773K, committed 14080K, reserved 1048576K
Event: 92.619 GC heap after
Heap after GC invocations=47 (full 4):
 PSYoungGen      total 122368K, used 27406K [0x00000000f5580000, 0x0000000100000000, 0x0000000100000000)
  eden space 77312K, 0% used [0x00000000f5580000,0x00000000f5580000,0x00000000fa100000)
  from space 45056K, 60% used [0x00000000fa100000,0x00000000fbbc3bb0,0x00000000fcd00000)
  to   space 46592K, 0% used [0x00000000fd280000,0x00000000fd280000,0x0000000100000000)
 ParOldGen       total 280576K, used 247265K [0x00000000e0000000, 0x00000000f1200000, 0x00000000f5580000)
  object space 280576K, 88% used [0x00000000e0000000,0x00000000ef178418,0x00000000f1200000)
 Metaspace       used 95262K, capacity 100752K, committed 101632K, reserved 1136640K
  class space    used 12616K, capacity 13773K, committed 14080K, reserved 1048576K
}
Event: 92.996 GC heap before
{Heap before GC invocations=48 (full 4):
 PSYoungGen      total 122368K, used 104718K [0x00000000f5580000, 0x0000000100000000, 0x0000000100000000)
  eden space 77312K, 100% used [0x00000000f5580000,0x00000000fa100000,0x00000000fa100000)
  from space 45056K, 60% used [0x00000000fa100000,0x00000000fbbc3bb0,0x00000000fcd00000)
  to   space 46592K, 0% used [0x00000000fd280000,0x00000000fd280000,0x0000000100000000)
 ParOldGen       total 280576K, used 247265K [0x00000000e0000000, 0x00000000f1200000, 0x00000000f5580000)
  object space 280576K, 88% used [0x00000000e0000000,0x00000000ef178418,0x00000000f1200000)
 Metaspace       used 95266K, capacity 100752K, committed 101632K, reserved 1136640K
  class space    used 12616K, capacity 13773K, committed 14080K, reserved 1048576K
Event: 93.039 GC heap after
Heap after GC invocations=48 (full 4):
 PSYoungGen      total 116736K, used 39682K [0x00000000f5580000, 0x0000000100000000, 0x0000000100000000)
  eden space 70144K, 0% used [0x00000000f5580000,0x00000000f5580000,0x00000000f9a00000)
  from space 46592K, 85% used [0x00000000fd280000,0x00000000ff940a80,0x0000000100000000)
  to   space 52224K, 0% used [0x00000000f9a00000,0x00000000f9a00000,0x00000000fcd00000)
 ParOldGen       total 280576K, used 260528K [0x00000000e0000000, 0x00000000f1200000, 0x00000000f5580000)
  object space 280576K, 92% used [0x00000000e0000000,0x00000000efe6c168,0x00000000f1200000)
 Metaspace       used 95266K, capacity 100752K, committed 101632K, reserved 1136640K
  class space    used 12616K, capacity 13773K, committed 14080K, reserved 1048576K
}
Event: 93.039 GC heap before
{Heap before GC invocations=49 (full 5):
 PSYoungGen      total 116736K, used 39682K [0x00000000f5580000, 0x0000000100000000, 0x0000000100000000)
  eden space 70144K, 0% used [0x00000000f5580000,0x00000000f5580000,0x00000000f9a00000)
  from space 46592K, 85% used [0x00000000fd280000,0x00000000ff940a80,0x0000000100000000)
  to   space 52224K, 0% used [0x00000000f9a00000,0x00000000f9a00000,0x00000000fcd00000)
 ParOldGen       total 280576K, used 260528K [0x00000000e0000000, 0x00000000f1200000, 0x00000000f5580000)
  object space 280576K, 92% used [0x00000000e0000000,0x00000000efe6c168,0x00000000f1200000)
 Metaspace       used 95266K, capacity 100752K, committed 101632K, reserved 1136640K
  class space    used 12616K, capacity 13773K, committed 14080K, reserved 1048576K
Event: 93.412 GC heap after
Heap after GC invocations=49 (full 5):
 PSYoungGen      total 116736K, used 0K [0x00000000f5580000, 0x0000000100000000, 0x0000000100000000)
  eden space 70144K, 0% used [0x00000000f5580000,0x00000000f5580000,0x00000000f9a00000)
  from space 46592K, 0% used [0x00000000fd280000,0x00000000fd280000,0x0000000100000000)
  to   space 52224K, 0% used [0x00000000f9a00000,0x00000000f9a00000,0x00000000fcd00000)
 ParOldGen       total 344064K, used 159235K [0x00000000e0000000, 0x00000000f5000000, 0x00000000f5580000)
  object space 344064K, 46% used [0x00000000e0000000,0x00000000e9b80f00,0x00000000f5000000)
 Metaspace       used 95236K, capacity 100666K, committed 101632K, reserved 1136640K
  class space    used 12606K, capacity 13756K, committed 14080K, reserved 1048576K
}

